Brute-forcing 2 X 2 ...
OIA: 2 X 2
2 2
20
0.00000000 0.50000000
0.25000000 0.25000000
0.50000000 0.50000000

2 2
20
0.15000000 0.35000000
0.35000000 0.15000000
0.50000000 0.50000000

1.5 1.4
1 1.4


Brute-forcing 2 X 3 ...
OIA: 2 X 3
2 3
20
0.00000000 0.00000000 0.50000000
0.20000000 0.20000000 0.10000000
0.50000000 0.50000000

2 3
20
0.10000000 0.15000000 0.25000000
0.25000000 0.15000000 0.10000000
0.50000000 0.50000000

1.8 1.3
1.16667 1.42857


Brute-forcing 3 X 2 ...
OIA: 3 X 2
3 2
20
0.00000000 0.33333334
0.00000000 0.33333334
0.16666667 0.16666667
0.33333334 0.33333334 0.33333334

3 2
20
0.10000000 0.23333334
0.20000001 0.13333334
0.20000001 0.13333334
0.33333334 0.33333334 0.33333334

1.5 1.3
1 1.26667


